#i	j	confidence
115	112	0.762742076543201
158	146	0.7510259865641884
160	76	0.7207773879405902
399	358	0.6698107525022737
365	362	0.6676137785297838
31	27	0.6217509224142269
140	102	0.6042879935600365
241	180	0.600855975121935
293	239	0.5409933299406341
47	16	0.537523751563093
140	136	0.5161139786718755
114	109	0.5159711706112796
262	230	0.515629486674317
428	425	0.5100784278992102
78	57	0.5034107985669378
178	173	0.4977430460980565
374	364	0.4945966596557746
139	136	0.4929737066413971
118	53	0.4906544338169134
141	108	0.48092818871291915
380	375	0.47831020906127975
118	52	0.46891150665565684
383	342	0.45761461197117753
189	185	0.4544620419866277
427	424	0.4524772570072643
403	351	0.4502543953997145
384	348	0.4464251114676223
370	171	0.44632693335626344
257	246	0.44484393868003347
163	159	0.43657878433177066
379	374	0.43582886206871946
241	176	0.43313107892446695
110	106	0.4324140601847984
370	167	0.4322318501404172
228	194	0.4303667076293048
144	121	0.42482958692134826
161	157	0.42470081240068047
72	68	0.4241383842785643
141	105	0.4233086324683898
237	183	0.42115256538783286
140	105	0.42048110944146294
381	352	0.4195070620464463
386	342	0.4146118152091432
140	109	0.41316293571072926
364	361	0.413127445399006
146	121	0.410666796604432
379	364	0.40483386241072505
104	83	0.4038133718663532
382	373	0.400654300835726
286	282	0.3975562724615967
386	383	0.39707981513145074
322	287	0.3963492134210736
380	373	0.3957602437947892
122	108	0.395159800477826
420	416	0.3927653497640518
422	417	0.3908460473577954
262	234	0.39079745005183514
328	324	0.3892941967754914
64	29	0.38619177906624963
128	124	0.38270450045483706
258	234	0.38161772004169664
183	180	0.381484102556521
388	369	0.3806191993700759
398	358	0.3797060196704819
147	135	0.37641293497974765
414	305	0.37602961532784274
159	76	0.3748753193799528
163	121	0.37424319927880606
37	34	0.3731557508944109
319	290	0.3718014389233039
425	416	0.3714496622331505
105	102	0.3697762837200164
71	68	0.3694764189104269
232	190	0.36571375024635355
428	424	0.3655008912699868
418	316	0.36500260287375225
326	284	0.36361297539190857
322	256	0.36352601782372024
253	248	0.36173270042254885
395	147	0.360517376711953
416	412	0.3591558468126625
374	361	0.3585765710593993
362	135	0.3584700161198329
424	417	0.35824594036335533
217	202	0.3581721382016746
77	51	0.35808672678375203
423	420	0.35721813374050715
77	49	0.3555204959220278
425	420	0.3532388600406079
362	138	0.3526042397917047
171	167	0.3522796302556203
9	6	0.35195166174010484
156	76	0.35128571501853784
27	23	0.3512002543773048
274	271	0.3503840012427448
108	104	0.35016934877989064
285	281	0.3500568958352322
68	64	0.3495615104813942
144	138	0.3494759812566052
173	168	0.34938547831160605
325	321	0.34921416818458273
152	72	0.3487984603790169
373	167	0.34822529422295895
224	205	0.34812344609560153
278	275	0.3475027999314336
380	354	0.34741553515511536
153	72	0.3459805758901137
275	272	0.34495155483759926
177	153	0.34481014186972697
425	422	0.3431559888635917
196	193	0.34311911547999097
333	277	0.3429465694092028
49	13	0.3424523572885814
285	263	0.34233813625523074
385	345	0.3422738945942897
74	17	0.34205395838210917
395	136	0.34196884811814116
27	24	0.34153263911330806
232	194	0.3401243297126993
163	55	0.3396175148892958
405	305	0.33931078708725987
395	130	0.3385110711301881
278	267	0.3382621074712011
282	267	0.3379778390044748
160	157	0.33746592817564797
212	209	0.33694276934963446
271	52	0.3364869894792004
375	354	0.33470607546298686
318	314	0.3339260695727485
258	239	0.33392101649765277
278	272	0.33381726073013707
65	59	0.33285997889675534
424	420	0.3324698693790567
275	271	0.33200895185790386
155	76	0.33087976725368096
72	57	0.3308384361111815
309	305	0.3294184937905551
193	189	0.3292234572057116
386	382	0.3291411583840039
384	351	0.3286819112314814
213	209	0.3282147357275014
286	263	0.32771707903740416
257	253	0.327524702858037
282	278	0.3267262651152625
277	273	0.3262666178800779
279	275	0.3257089887605671
122	58	0.32564746027916236
378	374	0.3255705523075245
370	364	0.3255358655621361
323	284	0.32550813555350083
232	227	0.3245018114764095
351	196	0.32403468619681874
289	258	0.32395718904272625
362	147	0.32350654831883363
172	151	0.3232799644941483
266	262	0.3232738343807416
115	110	0.32270004376281214
422	416	0.32269311803569906
262	226	0.3225586930666331
365	146	0.3216609237475841
272	153	0.3213283332332226
281	224	0.32131390718595093
284	273	0.3210305141957909
321	271	0.32075533734574463
382	370	0.32065712552818115
373	52	0.3203549524490038
292	236	0.32031051946579797
332	276	0.3198807301900804
24	20	0.3194087088812182
198	194	0.31932210493126156
424	421	0.3190360668794048
333	271	0.318931645836723
330	277	0.3185295983942413
199	196	0.3181799035476547
345	342	0.31812484931633245
275	257	0.31802589416890237
281	277	0.3177478017133593
372	352	0.31741260882951766
273	267	0.31723997693176775
282	272	0.3169901289550638
147	134	0.31696911593481586
271	261	0.31680066959209835
273	226	0.31678896934664424
380	376	0.3166822804102374
427	420	0.31663368548891396
270	266	0.31651825127652605
166	157	0.3163508148911518
193	190	0.3162603974077443
257	248	0.31615611604578625
232	193	0.3157602601227519
292	190	0.3157391531077116
406	395	0.31569400712188356
332	275	0.31543945579799954
314	309	0.31527702630312465
270	267	0.3147254546089795
275	268	0.314589040278147
278	273	0.3145488364457884
236	232	0.314527647338256
223	189	0.31448737335756877
273	270	0.31425162363856696
354	267	0.3141741856962777
271	189	0.3140980274366947
347	310	0.313675341430689
399	356	0.3130796746872186
375	52	0.3130367575789897
137	105	0.313001320017855
200	196	0.3129520235962124
299	189	0.31288859616660836
262	238	0.3127008183757837
271	223	0.31235510868748806
271	153	0.3122758302543001
351	268	0.31210114258695043
376	273	0.3120069191322765
375	270	0.3119843975380288
267	177	0.3116913734615741
269	177	0.31164263622309885
351	160	0.311550533427921
34	31	0.31154480349611735
271	110	0.31140575157199757
277	227	0.3114054771514303
332	328	0.31110385530033097
380	278	0.31019930452567174
34	28	0.31005244320764985
314	281	0.31003797851053333
380	273	0.30998672824776935
375	110	0.30987942566823073
116	44	0.3098334182793939
285	262	0.3096695992405905
285	256	0.3096284056711551
270	189	0.3095730785201494
333	281	0.3095048994700064
189	110	0.3094271423953567
271	74	0.30929451779590056
330	281	0.30920504252305814
427	422	0.3091760097754513
80	69	0.30870515310126884
277	270	0.3083986974191729
382	270	0.30774076834920366
227	223	0.3075406019343502
380	374	0.3074673485815503
380	272	0.3073619042658101
213	210	0.3073028975814241
228	197	0.3072885555457385
272	193	0.3072273869374815
276	271	0.3070982953764487
281	271	0.3065285436156565
278	270	0.3063554365931531
351	267	0.30620487244323114
354	146	0.30612125577416543
23	20	0.3060708756175867
426	423	0.3059012387877349
418	406	0.3052523240384324
314	270	0.3051701418740136
39	36	0.30511824864962095
153	68	0.30510238958797825
375	275	0.30476391689091614
270	110	0.3046850283231738
277	274	0.30449674271727084
278	223	0.30439058414983106
271	229	0.3043377380481436
400	395	0.304155509024934
278	268	0.30413169973309306
416	291	0.30394784973262073
285	228	0.30388392499616473
385	347	0.3038641464675978
405	309	0.30359278998762534
315	250	0.30358681614698213
373	106	0.30336925042252283
273	177	0.30315957345328215
192	189	0.303022451875899
375	272	0.3030132961518824
271	230	0.3030077037489263
270	168	0.30293225739051594
354	109	0.30293185129453704
277	265	0.30283073516168957
351	272	0.30282580390074465
272	177	0.3027513060089814
318	253	0.30270570356178517
325	272	0.3026280375823823
321	318	0.30245411878507733
270	177	0.3023811246798821
373	271	0.3023789624007895
268	20	0.30229037693275695
380	74	0.30228895686916174
177	109	0.3022761342555659
68	49	0.3022517006481572
272	268	0.30214418530746484
375	273	0.301886409662126
71	18	0.30187277645231664
271	115	0.30182646744598995
194	189	0.3017890559828579
269	114	0.3016546560003877
356	353	0.30158080535544723
281	270	0.30133481769447373
427	423	0.30129189611290136
269	146	0.3011285823991498
373	370	0.30075687994829853
380	110	0.30074291806156467
153	109	0.30070229189567316
420	417	0.30067403904512013
278	262	0.3006214734283898
351	348	0.30060335006202865
106	49	0.30059340958984504
271	193	0.3005281752362424
281	193	0.3004268034319707
271	177	0.3003699922851502
277	223	0.30028451694425556
277	266	0.30025593141094276
268	114	0.3002452686915782
265	261	0.30022619528707806
351	271	0.3001020807665785
274	193	0.30009670494672314
330	280	0.29978776829843357
272	269	0.29977767195311
52	49	0.29969539438104326
199	115	0.29964394607001776
273	110	0.29962251236074083
319	294	0.29960308038798056
275	270	0.29940717430918856
275	115	0.2993952483696578
270	226	0.2993608627792276
314	271	0.29897904611574916
284	270	0.29886815054170024
324	314	0.2988465582568828
141	109	0.2988095691017002
380	351	0.2987619185520015
395	133	0.298722629618109
241	183	0.29868166461836804
10	5	0.29865006293677604
351	273	0.29856655358502004
285	266	0.29850498873892845
354	110	0.29840507180398645
405	271	0.2983922726702572
364	275	0.2983831655736227
400	269	0.2980449609683998
222	219	0.2978856540305168
380	177	0.2978827590681002
273	266	0.29782211789611385
288	194	0.2978066346263498
416	191	0.2977291119031701
273	160	0.29762323725662376
198	189	0.2975866953391484
277	268	0.29750809982551807
197	193	0.29732044562804
374	114	0.2972644681919256
272	189	0.297214205623271
284	281	0.2971308260956493
332	314	0.2971151536445343
38	25	0.29695774530714597
269	262	0.2968516885154697
273	109	0.29682570439710065
403	380	0.29680273824690645
194	191	0.29669736935323654
177	110	0.29662017340533875
279	274	0.29661563293484045
268	177	0.2965603016868582
228	189	0.29642894485899973
272	140	0.29613212783178344
274	268	0.2961308651790048
196	41	0.29610204617571007
376	373	0.29606209357002666
267	253	0.29591351652040626
267	106	0.2958411806394429
388	302	0.2957975299685895
278	177	0.2956916491563835
270	196	0.2956867287459517
385	346	0.2956465156383177
271	21	0.29548540024708264
354	177	0.29543412275812175
365	271	0.29531812222795767
380	275	0.2952839973897372
278	225	0.2952743957039222
278	153	0.2952059114672138
177	102	0.2951752743693536
193	74	0.2949892069959123
268	110	0.29489638044073585
271	37	0.2948798122805086
273	261	0.29479483682065366
323	287	0.29472914751275725
377	271	0.29470013756420343
416	309	0.2944997257111722
365	273	0.2943196456175104
269	106	0.2942833928894529
272	194	0.2942243019575032
364	209	0.29420868291206265
163	146	0.2941741817003829
382	200	0.29417302843406723
274	270	0.29410906409877396
225	198	0.29404018407430893
275	208	0.2939598418259051
279	268	0.2939569534144298
208	144	0.29393953437016457
241	177	0.2939125839950917
236	189	0.29383239711318854
325	271	0.2938135683619907
271	267	0.29380669087209826
380	365	0.29360159415208337
400	356	0.2935313066495778
109	102	0.29349168307045387
423	417	0.29348972307585536
272	173	0.29347701630940626
276	273	0.29341840337612857
271	102	0.2934016196504865
272	109	0.29323862083758623
375	196	0.29310039623138295
277	109	0.2930166713044323
262	110	0.2929883946256684
213	208	0.2926439034388046
110	107	0.29264275454040817
269	110	0.2925451114223123
375	262	0.29253207253809127
273	223	0.2924964574356626
189	177	0.2924514433405627
333	275	0.29230947471686347
380	106	0.29229550826084083
106	74	0.29222051765089657
373	273	0.2922018879173233
277	203	0.29218798990080586
380	267	0.29218702647345435
328	325	0.29209416174968716
380	270	0.2919947700529771
373	226	0.29198082505965495
374	352	0.29192358042892186
268	115	0.2918836865711482
273	225	0.2918250301164438
268	262	0.2917678906201663
279	272	0.291647586747856
416	271	0.291618599618208
270	74	0.2915723602114408
314	273	0.29156422912598406
351	153	0.29156110514939804
395	362	0.29154263835191163
273	265	0.2914971858542754
318	271	0.2914505731604132
365	272	0.291418320621145
177	115	0.29140780265075167
370	278	0.29127380631093364
380	153	0.2912385445325569
68	26	0.2911416269396115
272	118	0.29107167242567894
268	52	0.29102954701398465
375	49	0.29084517779897623
380	314	0.29080358930984035
333	314	0.29061644486017
272	256	0.29058195355078514
427	417	0.2905148149397116
279	193	0.2903118199044557
373	49	0.2903021705184572
225	177	0.2902118035425068
323	268	0.29017838026190357
374	365	0.2899814379499874
282	268	0.28996804943884885
400	358	0.28994516056471653
268	153	0.2899043688177405
322	318	0.2898451794058572
325	267	0.28982166825423805
136	133	0.2898076760378449
153	110	0.28975167424593296
272	266	0.2897321712875589
228	209	0.28965934221098855
395	135	0.2895675113146067
380	260	0.2894581636947181
354	53	0.28945272535174776
272	112	0.28942754770440166
416	223	0.2892918245676013
267	223	0.28917058218937863
275	267	0.2890761217936331
278	271	0.28906702304714776
374	351	0.2890616302715318
399	362	0.2889528319213881
422	106	0.28882986779922043
270	49	0.28882749952524195
226	196	0.2887456935974263
426	422	0.2887161106953871
373	146	0.28871030437067235
354	351	0.2885963782896638
380	223	0.2884668059348638
376	272	0.2883123363141628
270	223	0.28821466685480124
268	189	0.2882136106058619
270	139	0.28818670760599213
272	267	0.288155950564262
267	264	0.288104571817697
321	275	0.28810448903262653
277	269	0.2880341349284623
268	168	0.2879434261796726
277	271	0.2878768995140948
416	351	0.28784898870064335
275	106	0.287848106230218
262	53	0.28778850679081897
266	109	0.2876666563543333
334	68	0.28765966761833833
275	74	0.28765573243829995
223	219	0.28755429724141757
380	282	0.2874904649656248
375	351	0.2874282253331948
278	49	0.28742082842514094
271	196	0.28740671519553984
188	31	0.2873650841965244
416	196	0.2873507675580688
